<?xml version="1.0" encoding="UTF-8"?>
<testsuite xmlns:xsi="http://www.w3.org/2001/XMLSchema-instance" xsi:noNamespaceSchemaLocation="https://maven.apache.org/surefire/maven-surefire-plugin/xsd/surefire-test-report.xsd" name="US1002 Kullanici Background kullanarak Amazonda arama yapar" time="27.878" tests="3" errors="0" skipped="0" failures="0">
  <properties>
[...]
</properties>
  <testcase name="TC04 Kullanici Amazonda Nutella aratir" classname="US1002 Kullanici Background kullanarak Amazonda arama yapar" time="10.1"/>
  <testcase name="TC05 kullanici Amazonda Java aratir" classname="US1002 Kullanici Background kullanarak Amazonda arama yapar" time="12.038"/>
  <testcase name="TC06 kullanici Amazonda Apple aratir" classname="US1002 Kullanici Background kullanarak Amazonda arama yapar" time="5.738"/>
</testsuite>